<?xml version="1.0" encoding="UTF-8"?>
<!-- Generated by org.testng.reporters.JUnitReportReporter -->
<testsuite hostname="LAPTOP-E65AMRKD" failures="0" tests="1" name="com.InetBanking.TestCases.LoginTest" time="1.987" errors="0" timestamp="2020-06-26T15:14:28 SGT" skipped="0">
  <testcase classname="com.InetBanking.TestCases.LoginTest" name="loginTest" time="1.987"/>
  <system-out/>
</testsuite> <!-- com.InetBanking.TestCases.LoginTest -->
