<?xml version="1.0" encoding="UTF-8"?>
<!-- Generated by org.testng.reporters.JUnitReportReporter -->
<testsuite hostname="LAPTOP-E65AMRKD" failures="0" tests="1" name="com.InetBanking.TestCases.TC_AddCustTest_003" time="15.381" errors="0" timestamp="2020-06-27T17:26:01 SGT" skipped="0">
  <testcase classname="com.InetBanking.TestCases.TC_AddCustTest_003" name="addNewCustomer" time="15.381"/>
  <system-out/>
</testsuite> <!-- com.InetBanking.TestCases.TC_AddCustTest_003 -->
